<?xml version="1.0" encoding="UTF-8"?>
<!-- Generated by org.testng.reporters.JUnitReportReporter -->
<testsuite skipped="0" hostname="SYSTEM-C205" name="ApiExecutions.Beta_MobileResponsiveApi" tests="1" failures="0" timestamp="01 May 2019 07:23:47 GMT" time="26.495" errors="0">
  <testcase name="Verify_Beta_MobileResponsiveApi" time="26.495" classname="ApiExecutions.Beta_MobileResponsiveApi"/>
</testsuite> <!-- ApiExecutions.Beta_MobileResponsiveApi -->
